OK
Log started at 05.05.2022	13:08:48
Number of used processors (NPROC): 2.
Number of mesh partitions (NPART): 2.
Total Physical Memory = 10.00 Gb, Available Physical Memory = 6.21 Gb
Computer name:	V10RM126W10-13
Operating system:	Windows 10 (or higher) (Version 10.0.19042)

SOLIDWORKS 2021 SP4.1
Flow Simulation 2021  x64 / 5310 / MESHER ver.  

Project: C:\Users\pitts\Documents\GitHub\Solidworks-2021-2022\Collaberative Project's\Squat Rack\4\4.xmlconfig
Configuration name: Default
Project name: Project(1)
Problem type: internal-type
NGK: OFF
MBO: OFF
-----------------------------------------------------------------------
Mesher option run = eRunMesherNormal
-----------------------------------------------------------------------

Mesh generation started:	5.5.2022	13:8:48
Mesher adjust APD = OFF; AdjustAPD_method=0; N_per_Channel = 0; N2_per_Channel = 0
Current CPU = 0 sec
-----------------------------------------------------------------------
Geometries initialization:
-----------------------------------------------------------------------
Loading mesh settings (global/local)...
-----------------------------------------------------------------------
Number of geometries from DB: 1
Geometry(0):
	Guid = {00000000-0000-0000-0000-000000000000}
	Fluid..
	1 Body.
	1 Real body.
	-- Bodyset 0 --
		Tolerance=2.14856e-05.
		16 Face(s).
			16 of b-spline type.
		0 Face(s) that have no ref faces
		9 Plane surface(s).
		7 Cylinder surface(s).
		1494 Triangle(s).
		Getting triangle connectivities from DB: 0.001 s
		22 Edge(s).
			22 of b-spline type.
		BodyGeom reading: 0.016 s.
		10 Reference Face(s).
		1482 Reference Triangles.
		Getting triangle connectivities from DB (Ref): 0.000 s
		BodyGeom Ref reading: 0.001 s.
		Getting triangle connectivities from DB (Extra Triangulation): 0.001 s
Geometry(1):
	Solid.
	-- Bodyset 1 --
	Empty
-----------------------------------------------------------------------
Number of geometries in task: 2
Number of bodysets   in task: 2
-----------------------------------------------------------------------
	Making hash and connectivity for Bodyset ...
		CBodyGeom:
		Hash size: {10, 8, 22}.
		Mesh size: {10, 8, 22}.
		Hashing triangles...Ok.
			axis(0) tr sizes: average=58 max=407
			axis(1) tr sizes: average=42 max=255
			axis(2) tr sizes: average=78 max=288
		Number of t-connected sets:2
			(0) size=12
			(1) size=1482 cavity
		Done.
		CBodyGeomRef:
		Hashing triangles...Ok.
			axis(0) tr sizes: average=97 max=401
			axis(1) tr sizes: average=110 max=250
			axis(2) tr sizes: average=119 max=283
		Done.
	0.0161 s.
Hash BodySets boxes over base mesh...OK (0.001 s)
Geometries reading and preparing has taken 0.057 s.

Mapped triangles:
Hashing geometries triangles
	Triangles num=1494
	Triangles box={-0.00524423  ,0.0771155  ,-0.013448  ,0.0600542  ,-0.160861  ,0.0198065  }
		3d-hash size is 52508 bytes
Hashing peculiar surfaces triangles
	Triangles num=45
	Triangles box={0.0666586  ,0.0770857  ,0.0183523  ,0.0183523  ,0.00914258  ,0.0195899  }
	Triangles num=45
	Triangles box={-0.0052236  ,0.00522368  ,-0.00521261  ,0.00521447  ,-0.00107527  ,-0.00107527  }
		3d-hash size is 7412 bytes
		3d-hash size is 7444 bytes
	Triangles num=45
	Triangles box={0.030723  ,0.0411501  ,-0.0133014  ,-0.0133014  ,-0.160645  ,-0.150197  }
		3d-hash size is 7372 bytes
Mapped triangles processed in 0.018 s.
-----------------------------------------------------------------------
Getting sectors:
Number of sectors: 0
-----------------------------------------------------------------------
-----------------------------------------------------------------------

Current CPU = 0 sec
-----------------------------------------------------------------------
Checking faces on CD...
FCD = [0 0 0 0 0 0]
FCD_conflicts = 0
Time (check faces on CD)=0.001 s
-----------------------------------------------------------------------

-----------------------------------------------------------------------
Mesh dimensions:
				I[0 ]=10
				I[1 ]=8
				I[2 ]=22

Comp. domain size:
				a[0  ]=-0.00516203
				a[1  ]=0.0770333
				a[2  ]=-0.0133747
				a[3  ]=0.0599808
				a[4  ]=-0.160681
				a[5  ]=0.0196262

Fluid calculated			1
Solid calculated			0
-----------------------------------------------------------------------
MESH Build started...
-----------------------------------------------------------------------
Mesh LEVEL = 2
-----------------------------------------------------------------------
-----------------------------------------------------------------------
CPT-mode xeps:
	D / dh / eps [axis=0] = (0.0821953, 0.00205424, 2.05424e-06)
	D / dh / eps [axis=1] = (0.0733555, 0.00229174, 2.29174e-06)
	D / dh / eps [axis=2] = (0.180307, 0.00204847, 2.04847e-06)
-----------------------------------------------------------------------
Setting regions...OK (0.000 s)
-----------------------------------------------------------------------
Base mesh info:
	3D task
	Nx=10
	Ny=8
	Nz=22
	N(Nx*Ny*Nz) = 80
	Period    axis=[0, 0, 0]
	Symmetry  ni=[0 0 0 0 0 0]
	ZoomingBC ni=[0 0 0 0 0 0]
	Nx=10
		x[0]=-0.00516203
		x[1]=0.00306008
		x[2]=0.0112796
		x[3]=0.0194991
		x[4]=0.0277187
		x[5]=0.0359382
		x[6]=0.0441577
		x[7]=0.0523773
		x[8]=0.0605968
		x[9]=0.0688163
		x[10]=0.0770333
	Ny=8
		y[0]=-0.0133747
		y[1]=-0.00420272
		y[2]=0.00496671
		y[3]=0.0141361
		y[4]=0.0233056
		y[5]=0.032475
		y[6]=0.0416445
		y[7]=0.0508139
		y[8]=0.0599808
	Nz=22
		z[0]=-0.160681
		z[1]=-0.152483
		z[2]=-0.144287
		z[3]=-0.136092
		z[4]=-0.127896
		z[5]=-0.1197
		z[6]=-0.111504
		z[7]=-0.103308
		z[8]=-0.0951127
		z[9]=-0.0869169
		z[10]=-0.0787212
		z[11]=-0.0705254
		z[12]=-0.0623296
		z[13]=-0.0541338
		z[14]=-0.0459381
		z[15]=-0.0377423
		z[16]=-0.0295465
		z[17]=-0.0213508
		z[18]=-0.013155
		z[19]=-0.00495921
		z[20]=0.00323656
		z[21]=0.0114323
		z[22]=0.0196262
-----------------------------------------------------------------------
Input_mesh_settings--------------------------------
Settings 0----------------
	Scope: GLOBAL
	Type:	------MESHER_SETTINGS----------
	RefAllCells           =0
	RefFluidCells         =0
	RefPartCells          =0
	RefSolidCells         =0
	l_SSFR(Capture crit)  =2
	l_curv(Curvature crit)=0
	l_tol(Tolerance crit) =2
	  k_tol               =0.00264319
	UseChannelRef         =1
	  NCR_method          =0
	  l_NCR               =2
	  N_gap               =5
	  Use d_NCR_min       =0
	  Use d_NCR_max       =0
	IgnoreThinChannelsHeight         =0
	--END_OF_MESHER_SETTINGS-------
End of input mesh settings-------------------------
NxNyNz = [10, 8, 22]
base_dx=0.00852825; 
NxNyNz_reverse = [10, 9, 21]

-----------------------------------------------------------------------
Refining geometries:
-----------------------------------------------------------------------

-----------------------------------------------------------------------
Refining by triangulation...
Refinement input: 1760 bricks
Setting regions...OK (0.000 s)
Setting regions...OK (0.001 s)
Refinement result: 2474 bricks (0.083 s)
Refinement input: 2474 bricks
Refinement result: 2474 bricks (0.001 s)
Collecting and processing rays...OK (0.036 s)
Capturing...OK (0.002 s)
Refining by triangulation takes 0.123 s
-----------------------------------------------------------------------

-----------------------------------------------------------------------
Refining peculiar surfaces...
0 surfaces refined
Refining peculiar surfaces takes 0.001 s
-----------------------------------------------------------------------
Collecting and processing rays...OK (0.000 s)
Capturing...OK (0.000 s)

-----------------------------------------------------------------------
Base mesh 1 Refining...
Collecting and processing rays...OK (0.000 s)
Capturing...OK (0.000 s)
Refinement input: 2474 bricks
Refinement result: 2474 bricks (0.000 s)
-----------------------------------------------------------------------
Refining channels...
FYI: CNarrowChannelRefiner::RefineChannels_PRLL
Refinement input: 2474 bricks
Setting regions...OK (0.000 s)
Refinement result: 3426 bricks (0.002 s)
Collecting and processing rays...OK (0.004 s)
Capturing...OK (0.001 s)
FYI: m_iteration_count = 0
FYI: level1 statistics:
     level1_cnt_plus[1]=1088;		level1_cnt_minus[1]=0
     level1_cnt_plus[2]=0;		level1_cnt_minus[2]=0
     level1_cnt_plus[3]=0;		level1_cnt_minus[3]=0
     level1_cnt_plus[4]=0;		level1_cnt_minus[4]=0
     level1_cnt_plus[5]=0;		level1_cnt_minus[5]=0
     level1_cnt_plus[6]=0;		level1_cnt_minus[6]=0
     level1_cnt_plus[7]=0;		level1_cnt_minus[7]=0
     level1_cnt_plus[8]=0;		level1_cnt_minus[8]=0
     level1_cnt_plus[9]=0;		level1_cnt_minus[9]=0
Refinement input: 3426 bricks
Setting regions...OK (0.000 s)
Refinement result: 3447 bricks (0.002 s)
Collecting and processing rays...OK (0.000 s)
Capturing...OK (0.000 s)
FYI: m_iteration_count = 1
FYI: level1 statistics:
     level1_cnt_plus[1]=1112;		level1_cnt_minus[1]=0
     level1_cnt_plus[2]=0;		level1_cnt_minus[2]=0
     level1_cnt_plus[3]=0;		level1_cnt_minus[3]=0
     level1_cnt_plus[4]=0;		level1_cnt_minus[4]=0
     level1_cnt_plus[5]=0;		level1_cnt_minus[5]=0
     level1_cnt_plus[6]=0;		level1_cnt_minus[6]=0
     level1_cnt_plus[7]=0;		level1_cnt_minus[7]=0
     level1_cnt_plus[8]=0;		level1_cnt_minus[8]=0
     level1_cnt_plus[9]=0;		level1_cnt_minus[9]=0
Refinement input: 3447 bricks
Setting regions...OK (0.000 s)
Refinement result: 3454 bricks (0.001 s)
Collecting and processing rays...OK (0.000 s)
Capturing...OK (0.000 s)
FYI: m_iteration_count = 2
FYI: level1 statistics:
     level1_cnt_plus[1]=1120;		level1_cnt_minus[1]=0
     level1_cnt_plus[2]=0;		level1_cnt_minus[2]=0
     level1_cnt_plus[3]=0;		level1_cnt_minus[3]=0
     level1_cnt_plus[4]=0;		level1_cnt_minus[4]=0
     level1_cnt_plus[5]=0;		level1_cnt_minus[5]=0
     level1_cnt_plus[6]=0;		level1_cnt_minus[6]=0
     level1_cnt_plus[7]=0;		level1_cnt_minus[7]=0
     level1_cnt_plus[8]=0;		level1_cnt_minus[8]=0
     level1_cnt_plus[9]=0;		level1_cnt_minus[9]=0
FYI: m_iteration_count = 3
FYI: level1 statistics:
     level1_cnt_plus[1]=1120;		level1_cnt_minus[1]=0
     level1_cnt_plus[2]=0;		level1_cnt_minus[2]=0
     level1_cnt_plus[3]=0;		level1_cnt_minus[3]=0
     level1_cnt_plus[4]=0;		level1_cnt_minus[4]=0
     level1_cnt_plus[5]=0;		level1_cnt_minus[5]=0
     level1_cnt_plus[6]=0;		level1_cnt_minus[6]=0
     level1_cnt_plus[7]=0;		level1_cnt_minus[7]=0
     level1_cnt_plus[8]=0;		level1_cnt_minus[8]=0
     level1_cnt_plus[9]=0;		level1_cnt_minus[9]=0
Refinement input: 3454 bricks
Setting regions...OK (0.001 s)
Refinement result: 11224 bricks (0.006 s)
Collecting and processing rays...OK (0.041 s)
Capturing...OK (0.007 s)
FYI: m_iteration_count = 4
FYI: level1 statistics:
     level1_cnt_plus[1]=6472;		level1_cnt_minus[1]=0
     level1_cnt_plus[2]=3136;		level1_cnt_minus[2]=0
     level1_cnt_plus[3]=0;		level1_cnt_minus[3]=0
     level1_cnt_plus[4]=0;		level1_cnt_minus[4]=0
     level1_cnt_plus[5]=0;		level1_cnt_minus[5]=0
     level1_cnt_plus[6]=0;		level1_cnt_minus[6]=0
     level1_cnt_plus[7]=0;		level1_cnt_minus[7]=0
     level1_cnt_plus[8]=0;		level1_cnt_minus[8]=0
     level1_cnt_plus[9]=0;		level1_cnt_minus[9]=0
FYI: m_iteration_count = 5
FYI: level1 statistics:
     level1_cnt_plus[1]=6472;		level1_cnt_minus[1]=0
     level1_cnt_plus[2]=3136;		level1_cnt_minus[2]=0
     level1_cnt_plus[3]=0;		level1_cnt_minus[3]=0
     level1_cnt_plus[4]=0;		level1_cnt_minus[4]=0
     level1_cnt_plus[5]=0;		level1_cnt_minus[5]=0
     level1_cnt_plus[6]=0;		level1_cnt_minus[6]=0
     level1_cnt_plus[7]=0;		level1_cnt_minus[7]=0
     level1_cnt_plus[8]=0;		level1_cnt_minus[8]=0
     level1_cnt_plus[9]=0;		level1_cnt_minus[9]=0
FYI: level1 statistics:
     level1_cnt_plus[1]=6472;		level1_cnt_minus[1]=0
     level1_cnt_plus[2]=3136;		level1_cnt_minus[2]=0
     level1_cnt_plus[3]=0;		level1_cnt_minus[3]=0
     level1_cnt_plus[4]=0;		level1_cnt_minus[4]=0
     level1_cnt_plus[5]=0;		level1_cnt_minus[5]=0
     level1_cnt_plus[6]=0;		level1_cnt_minus[6]=0
     level1_cnt_plus[7]=0;		level1_cnt_minus[7]=0
     level1_cnt_plus[8]=0;		level1_cnt_minus[8]=0
     level1_cnt_plus[9]=0;		level1_cnt_minus[9]=0

-----------------------------------------------------------------------
U-shapes refinement...
Refinement input: 11224 bricks
Refinement result: 11224 bricks (0.003 s)
Collecting and processing rays...OK (0.000 s)
Capturing...OK (0.000 s)
-----------------------------------------------------------------------

-----------------------------------------------------------------------
Equi Distant Refiner:
Equi Distant Refiner takes 0.00 s
-----------------------------------------------------------------------

/-Ray Intersection---------------/ Time	0.086 s
Calls			3822
CorrectRay Calls	0



-----------------------------------------------------------------------
Refining geometries takes 0.667 s
-----------------------------------------------------------------------
Defect ray count	0
FYI: CNarrowChannelRefiner::RedistributeLevel1_step_1: is finished
FYI: level1 statistics:
     level1_cnt_plus[1]=1373;		level1_cnt_minus[1]=0
     level1_cnt_plus[2]=8235;		level1_cnt_minus[2]=0
     level1_cnt_plus[3]=0;		level1_cnt_minus[3]=0
     level1_cnt_plus[4]=0;		level1_cnt_minus[4]=0
     level1_cnt_plus[5]=0;		level1_cnt_minus[5]=0
     level1_cnt_plus[6]=0;		level1_cnt_minus[6]=0
     level1_cnt_plus[7]=0;		level1_cnt_minus[7]=0
     level1_cnt_plus[8]=0;		level1_cnt_minus[8]=0
     level1_cnt_plus[9]=0;		level1_cnt_minus[9]=0
FYI: CNarrowChannelRefiner::RedistributeLevel1_step_2: is started
FYI: CNarrowChannelRefiner::RedistributeLevel1_step_2: is finished
FYI: level1 statistics:
     level1_cnt_plus[1]=1373;		level1_cnt_minus[1]=0
     level1_cnt_plus[2]=8315;		level1_cnt_minus[2]=0
     level1_cnt_plus[3]=0;		level1_cnt_minus[3]=0
     level1_cnt_plus[4]=0;		level1_cnt_minus[4]=0
     level1_cnt_plus[5]=0;		level1_cnt_minus[5]=0
     level1_cnt_plus[6]=0;		level1_cnt_minus[6]=0
     level1_cnt_plus[7]=0;		level1_cnt_minus[7]=0
     level1_cnt_plus[8]=0;		level1_cnt_minus[8]=0
     level1_cnt_plus[9]=0;		level1_cnt_minus[9]=0
FYI: CNarrowChannelRefiner::RedistributeLevel1_step_3: is started
FYI: CNarrowChannelRefiner::RedistributeLevel1_step_3: is finished
RedistributeLevel1 takes:
FYI: level1 statistics:
     level1_cnt_plus[1]=1373;		level1_cnt_minus[1]=0
     level1_cnt_plus[2]=8315;		level1_cnt_minus[2]=0
     level1_cnt_plus[3]=0;		level1_cnt_minus[3]=0
     level1_cnt_plus[4]=0;		level1_cnt_minus[4]=0
     level1_cnt_plus[5]=0;		level1_cnt_minus[5]=0
     level1_cnt_plus[6]=0;		level1_cnt_minus[6]=0
     level1_cnt_plus[7]=0;		level1_cnt_minus[7]=0
     level1_cnt_plus[8]=0;		level1_cnt_minus[8]=0
     level1_cnt_plus[9]=0;		level1_cnt_minus[9]=0
-----------------------------------------------------------------------
MSH format builder (Iteration 0)
-----------------------------------------------------------------------
Memory Working Set Current = 30.95 Mb, Memory Working Set Peak = 36.41 Mb
Process Threads Number: 8
-----------------------------------------------------------------------
Total bricks count: 11224
-----------------------------------------------------------------------
MSH (Real Geometry) format constructor:
	Geom    Count = 2
	Bodyset Count = 2
	3D task
	Getting brick sets...OK (0.001 s)

	Min x-stack xeps = 0.000146565
	D / dh / eps [axis=0] = (0.0821953, 0.00205424, 2.05424e-06)
	D / dh / eps [axis=1] = (0.0733555, 0.00229174, 2.29174e-06)
	D / dh / eps [axis=2] = (0.180307, 0.00204847, 2.04847e-06)
	Time (xeps): 0.001 s
Level 2
	Set (0)  size: 4200
	Set (0)  time: 0.125 s
	Set (1)  size: 4200
	Set (1)  time: 0.106 s
Level 1
	Set (0)  size: 683
	Set (0)  time: 0.002 s
	Set (1)  size: 683
	Set (1)  time: 0.001 s
Level 0
	Set (0)  size: 729
	Set (0)  time: 0.001 s
	Set (1)  size: 729
	Set (1)  time: 0.001 s
Result:
	Bricks number:                        11224

	Memory usage:                         2.111 MB
	Memory usage (per brick):             0.193 KB
	Construction time:                    0.247 s

	Topology features:
	------------------
	- High quality bricks                  100.00 % (11224)
	- Medium quality bricks                  0.00 % (0)
	- Bad quality bricks                     0.00 % (0)
	- Type-1 bricks                         34.68 % (3892)
	- Ribs corrected bricks                  0.00 % (0)
	- Points with geom-info (bricks)         0.00 % (0)
	- Points with closest-info (bricks)      0.00 % (0)
	- Triangulated by center (bricks)        0.00 % (0)
	- Facet w-faces mergings (bricks)        0.00 % (0)
	- To refine (bricks)                     0.00 % (0)
	- Points-count                           0.00 % (0)
	- T-self-intersection-all (bricks)       0.00 % (0)
	- T-self-intersection-simple (bricks)    0.00 % (0)
	- T-self-intersection-complex (bricks)   0.00 % (0)

-----------------------------------------------------------------------
Memory Working Set Current = 35.79 Mb, Memory Working Set Peak = 36.41 Mb
Process Threads Number: 8
-----------------------------------------------------------------------
-----------------------------------------------------------------------
msh-iterations: 1
-----------------------------------------------------------------------
high---q-brick-count = 100.00 % (11224 11224)
medium-q-brick-count =   0.00 % (11224 0)
bad----q-brick-count =   0.00 % (11224 0)
-----------------------------------------------------------------------
Free brick parser storage...OK(0.000 s)
-----------------------------------------------------------------------
Memory Working Set Current = 35.82 Mb, Memory Working Set Peak = 36.41 Mb
Process Threads Number: 8
-----------------------------------------------------------------------
-----------------------------------------------------------------------
MSH --> BCF format (Iteration 0)...
BCF collector...(remove mode=0)
	Time (alloc counter per brick): 0.001 s
	Brick    count: 11224
	Av.f all count: 5899
	Av.s all count: 9231
	Av.f pid count: 3892
	Av.s pid count: 3906
	Faces fs count: 4516
	Faces ff count: 0
	Faces ss count: 0
	Faces bb count: 0
	Faces fe count: 0
	Faces se count: 3178
	Faces fw count: 7694
	Faces af count: 15292
	Faces as count: 26420
	Time (all count): 	0.008 s
	Time (bcf alloc): 	0.001 s
	Time (shifts alloc): 	0.002 s
	Time (shifts init): 	0.002 s
	Time (bcf fill): 	0.017 s
	Time (add av to faces): 0.000 s
	Time (add faces to av): 0.007 s
Time (bcf collect): 		0.040 s
	AV checker...
	Time (check av): 	0.013 s
	Subdomain checker...
		Subdomains construction time: 0.003 s.
		Subdomains sort time: 0.000 s.
			Subdomain 0 (geom_ind=0): 5899 av
			Subdomain 1 (geom_ind=1): 9231 av
		gi: 0, subdomains: 1, real bodies: 1
		gi: 1, subdomains: 1, real bodies: 0
		Defect subdomains: 0
	Time (check subdoms): 	0.004 s
Time (bcf iteration total): 	0.059 s
	Time (fw-nb): 		0.001 s
	Fixed mutual fw-nb:     858 (bb: 0)
	Time (fw-nb mutual): 	0.001 s
	Time (fw-nb sort): 	0.000 s
	Fw-opt BEFORE total:    7694 (fs=4516, ff=0, ss=0)
	Fw-opt AFTER  total:    7318 (fs=4140, ff=0, ss=0, failed fw/br=15/0, big_curv=1, big_poly=0)
	Fw-opt RESULT:          376 (res/(fs+ff+ss) = 8.33 %)
	Time (fw-opt): 		0.003 s
	Time (fw-re-order): 	0.001 s
	Time (fw-nb): 		0.014 s
	Fixed mutual fw-nb:     14815 (bb: 0)
	Time (fw-nb mutual): 	0.003 s
	Time (fw-nb sort): 	0.001 s
	Time (rfd fix): 	0.000 s
	Time (av convexity): 	0.005 s
	Time (av small volume): 0.000 s
	Time (diagonal fw-nb): 	0.020 s
	Fixed mutual fw-nb:     0 (bb: 0)
	Time (fw-nb mutual): 	0.002 s
	Time (fw-nb sort): 	0.001 s
	Fluid subdomains: 1
	Faces fw-nb diff sd:    0
	Time (fw-nb diff sd): 	0.001 s
Time (bcf calc): 		0.057 s
-----------------------------------------------------------------------
Time (bcf total): 		0.116 s
-----------------------------------------------------------------------
-----------------------------------------------------------------------
Mega-cv constructor for fluid...
	 13 av's is treated as thin
Relative size generator (threshold = 0.05)...
	Iteration 1 (small cluster count = 403)
	Iteration 2 (small cluster count = 237)
	Iteration 3 (small cluster count = 71)
	Iteration 4 (small cluster count = 19)
	Iteration 5 (small cluster count = 2)
	Iteration 6 (small cluster count = 0)
	 403 mega-cv's generated
	 0 mega-cv's removed
Relative size generator is completed OK (0.003 s)
Apply fa-rules to mega-cv clusters fixes...
OK (0.000 s)
Convert clusters:
	 403 mega-cv's total
Mega-cv count: 403
Time (mega-cv fill): 	0.002 s
Time (mega-cv total): 	0.011 s
-----------------------------------------------------------------------
Mixing plane rotation regions: NO.
Sliding mesh rotation regions: NO.
Fluid/fluid faces: NO.
-----------------------------------------------------------------------
Memory Working Set Current = 43.61 Mb, Memory Working Set Peak = 43.62 Mb
Process Threads Number: 8
-----------------------------------------------------------------------
----------------------------------------------------------
BCF --> BCF.GEOMSUBDOM (bridge arrays):
MESH (0):
	Fluid Subdom Constructor: 1 subdom(s).
	Solid Subdom Constructor: 1 subdom(s).
	Net Asm Subdom Constructor: 0 subdom(s).
	GEOMSUBDOM (0): gi=0 fluid av=5899 cv=5496 fa=15292 fb=0 fw=4140 V=3.654661e-05
	Cache data...OK
	GEOMSUBDOM (1): gi=1 solid av=9231 cv=9231 fa=26420 fb=0 fw=7318 V=1.050610e-03
	Cache data...OK
	Setting nb of w-faces...OK (0.009 s).
	Correcting nb of w-faces...
	Time(correct_fw_nb)=0.006 s

MESH (0) checking:
	GEOMSUBDOM (0):fa_s=0.0515843362565090 fb_s=0.0000000000000000 fw_s=0.0148861804441524 fw_nb=33138
	              :d_const(595)=1.47564e-14 d_linear(1714)=1.0415e-13
	GEOMSUBDOM (1):fa_s=0.4208078647286090 fb_s=0.0000000000000000 fw_s=0.0830389247488660 fw_nb=46226
	              :d_const(8747)=1.64483e-13 d_linear(8791)=2.48193e-12
MESH (0) checking: OK.
Time (MDS): 	0.059 s
----------------------------------------------------------
-----------------------------------------------------------------------
Memory Working Set Current = 50.45 Mb, Memory Working Set Peak = 50.45 Mb
Process Threads Number: 8
-----------------------------------------------------------------------

-----------------------------------------------------------------------
BCF CHECKSUM DATA (Mesh 0):

BRICK |Level1| Sum:               18003
FACE_A Area Sum:   G.Fluid        0.0515843362565090
FACE_A Area Sum:   G.Solid        0.4208078647286092
FACE_W Area Sum:                  0.0830389247488659
FACE_W Nb   Sum:                  46226
FACE_W min curvatures sum:        -799394.52873230
FACE_W max curvatures sum:        0.00000000
AV Max Disbalance(Const) :        1.66235e-12 (cid=10072, t={39, 27, 76}, avid=5244, pid=3462)
AV Max Disbalance(Linear):        7.9957e-12 (cid=10527, t={39, 27, 82}, avid=5434, pid=3616)
-----------------------------------------------------------------------


-----------------------------------------------------------------------
MESHER TOPOLOGY DATA:

BRICKS: Total                 11224
BRICKS: Max AV number         3
AV:     G.Total               15130
AV:     G.Fluid               5899
AV:     G.Solid               9231

AV:     G.Fluid Thin Profile    0.24 % (14)
AV:     G.Solid Thin Profile    0.00 % (0)

AV:     G.Fluid Thin For Mega   0.22 % (13)
AV:     G.Solid Thin For Mega   0.00 % (0)

AV:     G.Fluid Non-Convex      2.70 % (159)
AV:     G.Solid Non-Convex      2.40 % (222)

AV:     G.Fluid Non-Ess-Convex      1.59 % (94)
AV:     G.Solid Non-Ess-Convex      1.80 % (166)

FACE_A: G.Fluid          (af) 15292 (partially opened 7780)
FACE_A: G.Solid          (as) 26420 (partially opened 7808)

FACE_B: G.Total          (b)  0

FACE_W: G.Total                 7318        Brick/Bound
FACE_W: G.Fluid/Solid    (fs_g) 4140        0           
FACE_W: G.Fluid/Fluid    (ff_g) 0           0           
FACE_W: G.Solid/Solid    (ss_g) 0           0           
FACE_W: G.Fluid/External (fe_g) 0
FACE_W: G.Solid/External (se_g) 3178

AV/CV max fa count (on brick side):4
AV/CV max fw count:                4
AV/CV max fb count:                0
AV/CV max fw poly count:           8

MEMORY: Total                   5.045 MB
MEMORY: Per Brick               0.460 KB
-----------------------------------------------------------------------

-----------------------------------------------------------------------
Connectivities information:
	Number of conns: 0
-----------------------------------------------------------------------
	Time (gap size): 	0.028 s
-----------------------------------------------------------------------
Calculating curvature and tolerance criteria...
Curvature: min=0 max=1.62394
Tolerance: min=0 max=0.0015346
Calculating curvature and tolerance criteria takes 0.132 s
-----------------------------------------------------------------------
MESH Build(FS) finished. Time=1.512 s
-----------------------------------------------------------------------
Current CPU = 1 sec

Nx=10
Ny=8
Nz=22
Max BRICK Level=2
Mesh Level=2
-----------------CModelBodies2MeshMapper::CollectData started -------------------------------
-----------------CModelBodies2MeshMapper Report -------------------------------
FluidDomains 1 SolidDomains 1 VoidDomains 0 
Domains RefIndexes
Domain 0, Index count 10
Domain 1, Index count 10
----------------- -------------------------------
	ModelBodies
Total resolved Bodies 0 BodySets 0

--------------------------------------------------------------------------
	Positive geometry Bodies
Total resolved Bodies 1 BodySets 1
BodySet 0
	Bodies list:
			#0	Name: ;	ID: d1b087ba-ee2f-4413-8b8a-7e0112f92601
	Domains list:		 0 

--------------------------------------------------------------------------
	Fluid regions
Total resolved Bodies 1 BodySets 1
BodySet 0	Material: Water; 
	Bodies list:
			#0	Name: ;	ID: d1b087ba-ee2f-4413-8b8a-7e0112f92601
	Domains list:		 0 

--------------------------------------------------------------------------
-----------------CModelBodies2MeshMapper::CollectData finished successfully-------------------
Saving initial mesh in: C:\Users\pitts\Documents\GitHub\Solidworks-2021-2022\Collaberative Project's\Squat Rack\4\4.fld .
Storing results...
Estimated CPT size=2.446 MB.
	Time (write bcf): 0.275 s
OK
-----------------------------------------------------------------------
Memory Working Set Current = 50.95 Mb, Memory Working Set Peak = 50.96 Mb
Process Threads Number: 8
-----------------------------------------------------------------------
Cleaning memory...
		Time (free xsl):                    	0.002 s
Free Geometry DB takes 0.000 s
	Time (free bcf): 	0.017 s
		Time (free bcf mesh):               	0.044 s
	Time (free mesher data):              	0.048 s
Copying... OK
Mesh generation normally finished at	5.5.2022	13:8:50
Mesher CPU = 2 sec
Mesher is finished at	5.5.2022	13:8:50
-----------------------------------------------------------------------
Memory Working Set Current = 29.75 Mb, Memory Working Set Peak = 51.29 Mb
Process Threads Number: 8
-----------------------------------------------------------------------
Algebra Pool      : mem_usage = 0.44 Mb, allocated count = 0
Log ended at 05.05.2022	13:08:50
