Log started at 06.05.2022	12:18:11
Number of used processors (NPROC): 2.
Number of mesh partitions (NPART): 2.
Total Physical Memory = 10.00 Gb, Available Physical Memory = 4.26 Gb
Computer name:	V10RM126W10-13
Operating system:	Windows 10 (or higher) (Version 10.0.19042)

SOLIDWORKS 2021 SP4.1
Flow Simulation 2021  x64 / 5310 / MESHER ver.  

Project: C:\Users\pitts\Documents\GitHub\Solidworks-2021-2022\Collaberative Project's\Squat Rack\5\5.xmlconfig
Configuration name: Default
Project name: Project(1)
Problem type: external-type
NGK: OFF
MBO: OFF
-----------------------------------------------------------------------
Mesher option run = eRunMesherNormal
-----------------------------------------------------------------------

Mesh generation started:	6.5.2022	12:18:11
Mesher adjust APD = OFF; AdjustAPD_method=0; N_per_Channel = 0; N2_per_Channel = 0
Current CPU = 0 sec
-----------------------------------------------------------------------
Geometries initialization:
-----------------------------------------------------------------------
Loading mesh settings (global/local)...
-----------------------------------------------------------------------
Number of geometries from DB: 1
Geometry(0):
	Guid = {00000000-0000-0000-0000-000000000000}
	Fluid..
	2 Bodies.
	1 Real body.
	-- Bodyset 0 --
		Tolerance=3.97076e-05.
		18 Face(s).
			18 of b-spline type.
		0 Face(s) that have no ref faces
		11 Plane surface(s).
		4 Cone surface(s).
		3 Torus surface(s).
		8190 Triangle(s).
		Getting triangle connectivities from DB: 0.003 s
		23 Edge(s).
			23 of b-spline type.
		BodyGeom reading: 0.028 s.
		18 Reference Face(s).
		8190 Reference Triangles.
		Getting triangle connectivities from DB (Ref): 0.002 s
		BodyGeom Ref reading: 0.003 s.
		Getting triangle connectivities from DB (Extra Triangulation): 0.001 s
Geometry(1):
	Solid.
	-- Bodyset 1 --
	Empty
-----------------------------------------------------------------------
Number of geometries in task: 2
Number of bodysets   in task: 2
-----------------------------------------------------------------------
	Making hash and connectivity for Bodyset ...
		CBodyGeom:
		Hash size: {32, 32, 32}.
		Mesh size: {32, 32, 32}.
		Hashing triangles...Ok.
			axis(0) tr sizes: average=84 max=1195
			axis(1) tr sizes: average=77 max=299
			axis(2) tr sizes: average=22 max=1429
		Number of t-connected sets:2
			(0) size=8178
			(1) size=12
		Done.
		CBodyGeomRef:
		Hashing triangles...Ok.
			axis(0) tr sizes: average=81 max=1187
			axis(1) tr sizes: average=75 max=290
			axis(2) tr sizes: average=21 max=1410
		Done.
	0.0473 s.
Hash BodySets boxes over base mesh...OK (0.009 s)
Geometries reading and preparing has taken 0.121 s.

Mapped triangles:
Hashing geometries triangles
	Triangles num=8190
	Triangles box={-0.124079  ,0.13444  ,-0.0494789  ,0.199173  ,-0.0407818  ,0.12954  }
		3d-hash size is 173780 bytes
Hashing peculiar surfaces triangles
	Triangles num=2
	Triangles box={-0.124079  ,0.13444  ,-0.0494789  ,0.199173  ,0.127  ,0.127  }
		3d-hash size is 131396 bytes
Mapped triangles processed in 0.043 s.
-----------------------------------------------------------------------
Getting sectors:
Number of sectors: 0
-----------------------------------------------------------------------
-----------------------------------------------------------------------

Current CPU = 0 sec
-----------------------------------------------------------------------
Checking faces on CD...
FCD = [0 0 0 0 0 0]
FCD_conflicts = 0
Time (check faces on CD)=0.003 s
-----------------------------------------------------------------------

-----------------------------------------------------------------------
Mesh dimensions:
				I[0 ]=32
				I[1 ]=32
				I[2 ]=32

Comp. domain size:
				a[0  ]=-0.811419
				a[1  ]=0.821779
				a[2  ]=-0.736818
				a[3  ]=0.886512
				a[4  ]=-0.728121
				a[5  ]=0.816879

Fluid calculated			1
Solid calculated			0
-----------------------------------------------------------------------
MESH Build started...
-----------------------------------------------------------------------
Mesh LEVEL = 1
-----------------------------------------------------------------------
-----------------------------------------------------------------------
CPT-mode xeps:
	D / dh / eps [axis=0] = (1.6332, 0.0194555, 1.94555e-05)
	D / dh / eps [axis=1] = (1.62333, 0.0194228, 1.94228e-05)
	D / dh / eps [axis=2] = (1.545, 0.0176868, 1.76868e-05)
-----------------------------------------------------------------------
Setting regions...OK (0.002 s)
-----------------------------------------------------------------------
Base mesh info:
	3D task
	Nx=32
	Ny=32
	Nz=32
	N(Nx*Ny*Nz) = 1024
	Period    axis=[0, 0, 0]
	Symmetry  ni=[0 0 0 0 0 0]
	ZoomingBC ni=[0 0 0 0 0 0]
	Nx=32
		x[0]=-0.811419
		x[1]=-0.741393
		x[2]=-0.674734
		x[3]=-0.611259
		x[4]=-0.550815
		x[5]=-0.493257
		x[6]=-0.438449
		x[7]=-0.386258
		x[8]=-0.336559
		x[9]=-0.289234
		x[10]=-0.24417
		x[11]=-0.201257
		x[12]=-0.160394
		x[13]=-0.121482
		x[14]=-0.0792561
		x[15]=-0.0370313
		x[16]=0.00519351
		x[17]=0.0474183
		x[18]=0.0896432
		x[19]=0.131868
		x[20]=0.170779
		x[21]=0.211643
		x[22]=0.254557
		x[23]=0.299623
		x[24]=0.346949
		x[25]=0.396649
		x[26]=0.448841
		x[27]=0.503652
		x[28]=0.561211
		x[29]=0.621657
		x[30]=0.685135
		x[31]=0.751796
		x[32]=0.821779
	Ny=32
		y[0]=-0.736818
		y[1]=-0.66672
		y[2]=-0.600003
		y[3]=-0.536488
		y[4]=-0.47602
		y[5]=-0.418453
		y[6]=-0.363649
		y[7]=-0.311473
		y[8]=-0.261801
		y[9]=-0.214512
		y[10]=-0.169492
		y[11]=-0.126632
		y[12]=-0.0858279
		y[13]=-0.0469818
		y[14]=-0.00636811
		y[15]=0.0342451
		y[16]=0.0748583
		y[17]=0.115471
		y[18]=0.156085
		y[19]=0.196698
		y[20]=0.235543
		y[21]=0.276348
		y[22]=0.319208
		y[23]=0.364229
		y[24]=0.411519
		y[25]=0.461193
		y[26]=0.513369
		y[27]=0.568176
		y[28]=0.625744
		y[29]=0.686214
		y[30]=0.749732
		y[31]=0.81645
		y[32]=0.886512
	Nz=32
		z[0]=-0.728121
		z[1]=-0.662131
		z[2]=-0.599246
		z[3]=-0.539304
		z[4]=-0.482168
		z[5]=-0.427707
		z[6]=-0.375795
		z[7]=-0.326314
		z[8]=-0.279149
		z[9]=-0.234191
		z[10]=-0.191339
		z[11]=-0.150492
		z[12]=-0.111557
		z[13]=-0.0744451
		z[14]=-0.0390704
		z[15]=0.0026599
		z[16]=0.0443887
		z[17]=0.0861176
		z[18]=0.127846
		z[19]=0.16322
		z[20]=0.200333
		z[21]=0.239268
		z[22]=0.280116
		z[23]=0.322969
		z[24]=0.367928
		z[25]=0.415094
		z[26]=0.464576
		z[27]=0.516489
		z[28]=0.570952
		z[29]=0.628089
		z[30]=0.688032
		z[31]=0.750919
		z[32]=0.816879
-----------------------------------------------------------------------
Input_mesh_settings--------------------------------
Settings 0----------------
	Scope: GLOBAL
	Type:	------MESHER_SETTINGS----------
	RefAllCells           =0
	RefFluidCells         =0
	RefPartCells          =0
	RefSolidCells         =0
	l_SSFR(Capture crit)  =1
	l_curv(Curvature crit)=0
	l_tol(Tolerance crit) =0
	UseChannelRef         =1
	  NCR_method          =0
	  l_NCR               =1
	  N_gap               =5
	  Use d_NCR_min       =0
	  Use d_NCR_max       =0
	IgnoreThinChannelsHeight         =0
	--END_OF_MESHER_SETTINGS-------
End of input mesh settings-------------------------
NxNyNz = [32, 32, 32]
base_dx=0.0500159; 
NxNyNz_reverse = [33, 32, 31]

-----------------------------------------------------------------------
Refining geometries:
-----------------------------------------------------------------------

-----------------------------------------------------------------------
Refining by triangulation...
Refinement input: 32768 bricks
Setting regions...OK (0.001 s)
Refinement result: 32810 bricks (0.183 s)
Refinement input: 32810 bricks
Refinement result: 32810 bricks (0.013 s)
Collecting and processing rays...OK (0.088 s)
Capturing...OK (0.015 s)
Refining by triangulation takes 0.308 s
-----------------------------------------------------------------------

-----------------------------------------------------------------------
Refining peculiar surfaces...
0 surfaces refined
Refining peculiar surfaces takes 0.002 s
-----------------------------------------------------------------------
Collecting and processing rays...OK (0.001 s)
Capturing...OK (0.000 s)

-----------------------------------------------------------------------
Base mesh 1 Refining...
Collecting and processing rays...OK (0.000 s)
Capturing...OK (0.000 s)
Refinement input: 32810 bricks
Refinement result: 32810 bricks (0.001 s)
-----------------------------------------------------------------------
Refining channels...
FYI: CNarrowChannelRefiner::RefineChannels_PRLL
Refinement input: 32810 bricks
Setting regions...OK (0.001 s)
Refinement result: 33125 bricks (0.006 s)
Collecting and processing rays...OK (0.009 s)
Capturing...OK (0.000 s)
FYI: m_iteration_count = 0
FYI: level1 statistics:
     level1_cnt_plus[1]=360;		level1_cnt_minus[1]=0
     level1_cnt_plus[2]=0;		level1_cnt_minus[2]=0
     level1_cnt_plus[3]=0;		level1_cnt_minus[3]=0
     level1_cnt_plus[4]=0;		level1_cnt_minus[4]=0
     level1_cnt_plus[5]=0;		level1_cnt_minus[5]=0
     level1_cnt_plus[6]=0;		level1_cnt_minus[6]=0
     level1_cnt_plus[7]=0;		level1_cnt_minus[7]=0
     level1_cnt_plus[8]=0;		level1_cnt_minus[8]=0
     level1_cnt_plus[9]=0;		level1_cnt_minus[9]=0
FYI: m_iteration_count = 1
FYI: level1 statistics:
     level1_cnt_plus[1]=360;		level1_cnt_minus[1]=0
     level1_cnt_plus[2]=0;		level1_cnt_minus[2]=0
     level1_cnt_plus[3]=0;		level1_cnt_minus[3]=0
     level1_cnt_plus[4]=0;		level1_cnt_minus[4]=0
     level1_cnt_plus[5]=0;		level1_cnt_minus[5]=0
     level1_cnt_plus[6]=0;		level1_cnt_minus[6]=0
     level1_cnt_plus[7]=0;		level1_cnt_minus[7]=0
     level1_cnt_plus[8]=0;		level1_cnt_minus[8]=0
     level1_cnt_plus[9]=0;		level1_cnt_minus[9]=0
FYI: level1 statistics:
     level1_cnt_plus[1]=360;		level1_cnt_minus[1]=0
     level1_cnt_plus[2]=0;		level1_cnt_minus[2]=0
     level1_cnt_plus[3]=0;		level1_cnt_minus[3]=0
     level1_cnt_plus[4]=0;		level1_cnt_minus[4]=0
     level1_cnt_plus[5]=0;		level1_cnt_minus[5]=0
     level1_cnt_plus[6]=0;		level1_cnt_minus[6]=0
     level1_cnt_plus[7]=0;		level1_cnt_minus[7]=0
     level1_cnt_plus[8]=0;		level1_cnt_minus[8]=0
     level1_cnt_plus[9]=0;		level1_cnt_minus[9]=0

-----------------------------------------------------------------------
U-shapes refinement...
Refinement input: 33125 bricks
Refinement result: 33125 bricks (0.021 s)
Collecting and processing rays...OK (0.001 s)
Capturing...OK (0.000 s)
-----------------------------------------------------------------------

-----------------------------------------------------------------------
Equi Distant Refiner:
Equi Distant Refiner takes 0.00 s
-----------------------------------------------------------------------

/-Ray Intersection---------------/ Time	0.036 s
Calls			3429
CorrectRay Calls	0



-----------------------------------------------------------------------
Refining geometries takes 0.534 s
-----------------------------------------------------------------------
Defect ray count	0
FYI: CNarrowChannelRefiner::RedistributeLevel1_step_1: is finished
FYI: level1 statistics:
     level1_cnt_plus[1]=360;		level1_cnt_minus[1]=0
     level1_cnt_plus[2]=0;		level1_cnt_minus[2]=0
     level1_cnt_plus[3]=0;		level1_cnt_minus[3]=0
     level1_cnt_plus[4]=0;		level1_cnt_minus[4]=0
     level1_cnt_plus[5]=0;		level1_cnt_minus[5]=0
     level1_cnt_plus[6]=0;		level1_cnt_minus[6]=0
     level1_cnt_plus[7]=0;		level1_cnt_minus[7]=0
     level1_cnt_plus[8]=0;		level1_cnt_minus[8]=0
     level1_cnt_plus[9]=0;		level1_cnt_minus[9]=0
FYI: CNarrowChannelRefiner::RedistributeLevel1_step_2: is started
FYI: CNarrowChannelRefiner::RedistributeLevel1_step_2: is finished
FYI: level1 statistics:
     level1_cnt_plus[1]=375;		level1_cnt_minus[1]=0
     level1_cnt_plus[2]=0;		level1_cnt_minus[2]=0
     level1_cnt_plus[3]=0;		level1_cnt_minus[3]=0
     level1_cnt_plus[4]=0;		level1_cnt_minus[4]=0
     level1_cnt_plus[5]=0;		level1_cnt_minus[5]=0
     level1_cnt_plus[6]=0;		level1_cnt_minus[6]=0
     level1_cnt_plus[7]=0;		level1_cnt_minus[7]=0
     level1_cnt_plus[8]=0;		level1_cnt_minus[8]=0
     level1_cnt_plus[9]=0;		level1_cnt_minus[9]=0
FYI: CNarrowChannelRefiner::RedistributeLevel1_step_3: is started
FYI: CNarrowChannelRefiner::RedistributeLevel1_step_3: is finished
RedistributeLevel1 takes:
FYI: level1 statistics:
     level1_cnt_plus[1]=375;		level1_cnt_minus[1]=33
     level1_cnt_plus[2]=0;		level1_cnt_minus[2]=0
     level1_cnt_plus[3]=0;		level1_cnt_minus[3]=0
     level1_cnt_plus[4]=0;		level1_cnt_minus[4]=0
     level1_cnt_plus[5]=0;		level1_cnt_minus[5]=0
     level1_cnt_plus[6]=0;		level1_cnt_minus[6]=0
     level1_cnt_plus[7]=0;		level1_cnt_minus[7]=0
     level1_cnt_plus[8]=0;		level1_cnt_minus[8]=0
     level1_cnt_plus[9]=0;		level1_cnt_minus[9]=0
-----------------------------------------------------------------------
MSH format builder (Iteration 0)
-----------------------------------------------------------------------
Memory Working Set Current = 35.08 Mb, Memory Working Set Peak = 36.11 Mb
Process Threads Number: 8
-----------------------------------------------------------------------
Total bricks count: 33125
-----------------------------------------------------------------------
MSH (Real Geometry) format constructor:
	Geom    Count = 2
	Bodyset Count = 2
	3D task
	Getting brick sets...OK (0.004 s)

	Min x-stack xeps = 0.00254
	D / dh / eps [axis=0] = (1.6332, 0.0211124, 2.11124e-05)
	D / dh / eps [axis=1] = (1.62333, 0.0203066, 2.03066e-05)
	D / dh / eps [axis=2] = (1.545, 0.0208644, 2.08644e-05)
	Time (xeps): 0.007 s
Level 1
	Set (0)  size: 204
	Set (0)  time: 0.040 s
	Set (1)  size: 204
	Set (1)  time: 0.026 s
Level 0
	Set (0)  size: 16358
	Set (0)  time: 0.037 s
	Set (1)  size: 16359
	Set (1)  time: 0.043 s
Result:
	Bricks number:                        33125

	Memory usage:                         0.460 MB
	Memory usage (per brick):             0.014 KB
	Construction time:                    0.163 s

	Topology features:
	------------------
	- High quality bricks                  100.00 % (33125)
	- Medium quality bricks                  0.00 % (0)
	- Bad quality bricks                     0.00 % (0)
	- Type-1 bricks                          0.84 % (278)
	- Ribs corrected bricks                  0.00 % (0)
	- Points with geom-info (bricks)         0.00 % (0)
	- Points with closest-info (bricks)      0.00 % (0)
	- Triangulated by center (bricks)        0.00 % (0)
	- Facet w-faces mergings (bricks)        0.00 % (0)
	- To refine (bricks)                     0.00 % (0)
	- Points-count                           0.00 % (0)
	- T-self-intersection-all (bricks)       0.00 % (0)
	- T-self-intersection-simple (bricks)    0.00 % (0)
	- T-self-intersection-complex (bricks)   0.00 % (0)

-----------------------------------------------------------------------
Memory Working Set Current = 36.22 Mb, Memory Working Set Peak = 36.22 Mb
Process Threads Number: 8
-----------------------------------------------------------------------
-----------------------------------------------------------------------
msh-iterations: 1
-----------------------------------------------------------------------
high---q-brick-count = 100.00 % (33125 33125)
medium-q-brick-count =   0.00 % (33125 0)
bad----q-brick-count =   0.00 % (33125 0)
-----------------------------------------------------------------------
Free brick parser storage...OK(0.000 s)
-----------------------------------------------------------------------
Memory Working Set Current = 36.25 Mb, Memory Working Set Peak = 36.70 Mb
Process Threads Number: 8
-----------------------------------------------------------------------
-----------------------------------------------------------------------
MSH --> BCF format (Iteration 0)...
BCF collector...(remove mode=0)
	Time (alloc counter per brick): 0.001 s
	Brick    count: 33125
	Av.f all count: 33195
	Av.s all count: 278
	Av.f pid count: 348
	Av.s pid count: 278
	Faces fs count: 789
	Faces ff count: 0
	Faces ss count: 0
	Faces bb count: 0
	Faces fe count: 6144
	Faces se count: 0
	Faces fw count: 6933
	Faces af count: 96495
	Faces as count: 642
	Time (all count): 	0.013 s
	Time (bcf alloc): 	0.002 s
	Time (shifts alloc): 	0.003 s
	Time (shifts init): 	0.003 s
	Time (bcf fill): 	0.037 s
	Time (add av to faces): 0.000 s
	Time (add faces to av): 0.006 s
Time (bcf collect): 		0.075 s
	AV checker...
	Time (check av): 	0.059 s
	Subdomain checker...
		Subdomains construction time: 0.012 s.
		Subdomains sort time: 0.000 s.
			Subdomain 0 (geom_ind=0): 33195 av
			Subdomain 1 (geom_ind=1): 176 av
			Subdomain 2 (geom_ind=1): 102 av
		gi: 0, subdomains: 1, real bodies: 1
		gi: 1, subdomains: 2, real bodies: 0
		Defect subdomains: 0
	Time (check subdoms): 	0.017 s
Time (bcf iteration total): 	0.155 s
	Time (fw-nb): 		0.001 s
	Fixed mutual fw-nb:     833 (bb: 0)
	Time (fw-nb mutual): 	0.001 s
	Time (fw-nb sort): 	0.000 s
	Fw-opt BEFORE total:    6933 (fs=789, ff=0, ss=0)
	Fw-opt AFTER  total:    6692 (fs=548, ff=0, ss=0, failed fw/br=0/0, big_curv=2, big_poly=0)
	Fw-opt RESULT:          241 (res/(fs+ff+ss) = 30.54 %)
	Time (fw-opt): 		0.003 s
	Time (fw-re-order): 	0.008 s
	Time (fw-nb): 		0.007 s
	Fixed mutual fw-nb:     13384 (bb: 0)
	Time (fw-nb mutual): 	0.016 s
	Time (fw-nb sort): 	0.001 s
	Time (rfd fix): 	0.000 s
	Time (av convexity): 	0.002 s
	Time (av small volume): 0.001 s
	Time (diagonal fw-nb): 	0.029 s
	Fixed mutual fw-nb:     0 (bb: 0)
	Time (fw-nb mutual): 	0.005 s
	Time (fw-nb sort): 	0.001 s
	Fluid subdomains: 1
	Faces fw-nb diff sd:    0
	Time (fw-nb diff sd): 	0.016 s
Time (bcf calc): 		0.097 s
-----------------------------------------------------------------------
Time (bcf total): 		0.252 s
-----------------------------------------------------------------------
-----------------------------------------------------------------------
Mega-cv constructor for fluid...
	 0 av's is treated as thin
Relative size generator (threshold = 0.05)...
	Iteration 1 (small cluster count = 14)
	Iteration 2 (small cluster count = 5)
	Iteration 3 (small cluster count = 0)
	 14 mega-cv's generated
	 0 mega-cv's removed
Relative size generator is completed OK (0.011 s)
Apply fa-rules to mega-cv clusters fixes...
OK (0.000 s)
Convert clusters:
	 14 mega-cv's total
Mega-cv count: 14
Time (mega-cv fill): 	0.000 s
Time (mega-cv total): 	0.037 s
-----------------------------------------------------------------------
Mixing plane rotation regions: NO.
Sliding mesh rotation regions: NO.
Fluid/fluid faces: NO.
-----------------------------------------------------------------------
Memory Working Set Current = 46.14 Mb, Memory Working Set Peak = 51.00 Mb
Process Threads Number: 8
-----------------------------------------------------------------------
----------------------------------------------------------
BCF --> BCF.GEOMSUBDOM (bridge arrays):
MESH (0):
	Fluid Subdom Constructor: 1 subdom(s).
	Solid Subdom Constructor: 2 subdom(s).
	Net Asm Subdom Constructor: 0 subdom(s).
	GEOMSUBDOM (0): gi=0 fluid av=33195 cv=33181 fa=96495 fb=0 fw=6692 V=4.095900e+00
	Cache data...OK
	GEOMSUBDOM (1): gi=1 solid av=102 cv=102 fa=202 fb=0 fw=308 V=7.102196e-05
	Cache data...OK
	GEOMSUBDOM (2): gi=1 solid av=176 cv=176 fa=440 fb=0 fw=240 V=1.632747e-04
	Cache data...OK
	Setting nb of w-faces...OK (0.011 s).
	Correcting nb of w-faces...
	Time(correct_fw_nb)=0.004 s

MESH (0) checking:
	GEOMSUBDOM (0):fa_s=238.3385140263636970 fb_s=0.0000000000000000 fw_s=15.5507045716963397 fw_nb=53484
	              :d_const(7671)=3.65982e-16 d_linear(14785)=4.16491e-15
	GEOMSUBDOM (1):fa_s=0.0100300788553945 fb_s=0.0000000000000000 fw_s=0.0544549895532279 fw_nb=2476
	              :d_const(99)=4.9285e-16 d_linear(19)=4.12193e-14
	GEOMSUBDOM (2):fa_s=0.0744206970868826 fb_s=0.0000000000000000 fw_s=0.1311391878608775 fw_nb=1880
	              :d_const(51)=2.01876e-15 d_linear(47)=3.28256e-14
MESH (0) checking: OK.
Time (MDS): 	0.224 s
----------------------------------------------------------
-----------------------------------------------------------------------
Memory Working Set Current = 62.89 Mb, Memory Working Set Peak = 62.90 Mb
Process Threads Number: 8
-----------------------------------------------------------------------

-----------------------------------------------------------------------
BCF CHECKSUM DATA (Mesh 0):

BRICK |Level1| Sum:               408
FACE_A Area Sum:   G.Fluid        238.3385140263637822
FACE_A Area Sum:   G.Solid        0.0844507759422772
FACE_W Area Sum:                  15.5507045716963397
FACE_W Nb   Sum:                  53484
FACE_W min curvatures sum:        -15105.42777365
FACE_W max curvatures sum:        16850.66701889
AV Max Disbalance(Const) :        2.01876e-15 (cid=18088, t={38, 26, 34}, avid=33312, pid=117)
AV Max Disbalance(Linear):        3.54208e-13 (cid=15905, t={32, 28, 31}, avid=15950, pid=108)
-----------------------------------------------------------------------


-----------------------------------------------------------------------
MESHER TOPOLOGY DATA:

BRICKS: Total                 33125
BRICKS: Max AV number         3
AV:     G.Total               33473
AV:     G.Fluid               33195
AV:     G.Solid               278

AV:     G.Fluid Thin Profile    0.00 % (0)
AV:     G.Solid Thin Profile   25.18 % (70)

AV:     G.Fluid Thin For Mega   0.00 % (0)
AV:     G.Solid Thin For Mega  17.27 % (48)

AV:     G.Fluid Non-Convex      0.49 % (163)
AV:     G.Solid Non-Convex     25.90 % (72)

AV:     G.Fluid Non-Ess-Convex      0.32 % (107)
AV:     G.Solid Non-Ess-Convex     11.87 % (33)

FACE_A: G.Fluid          (af) 96495 (partially opened 696)
FACE_A: G.Solid          (as) 642 (partially opened 558)

FACE_B: G.Total          (b)  0

FACE_W: G.Total                 6692        Brick/Bound
FACE_W: G.Fluid/Solid    (fs_g) 548         0           
FACE_W: G.Fluid/Fluid    (ff_g) 0           0           
FACE_W: G.Solid/Solid    (ss_g) 0           0           
FACE_W: G.Fluid/External (fe_g) 6144
FACE_W: G.Solid/External (se_g) 0

AV/CV max fa count (on brick side):4
AV/CV max fw count:                4
AV/CV max fb count:                0
AV/CV max fw poly count:           18

MEMORY: Total                   9.707 MB
MEMORY: Per Brick               0.300 KB
-----------------------------------------------------------------------

-----------------------------------------------------------------------
Connectivities information:
	Number of conns: 0
-----------------------------------------------------------------------
	Time (gap size): 	0.011 s
-----------------------------------------------------------------------
Calculating curvature and tolerance criteria...
Curvature: min=0 max=3.14127
Tolerance: min=0 max=0.0115788
Calculating curvature and tolerance criteria takes 0.082 s
-----------------------------------------------------------------------
MESH Build(FS) finished. Time=1.576 s
-----------------------------------------------------------------------
Current CPU = 2 sec

Nx=32
Ny=32
Nz=32
Max BRICK Level=1
Mesh Level=1
-----------------CModelBodies2MeshMapper::CollectData started -------------------------------
-----------------CModelBodies2MeshMapper Report -------------------------------
FluidDomains 1 SolidDomains 2 VoidDomains 0 
Domains RefIndexes
Domain 0, Index count 18
Domain 1, Index count 12
Domain 2, Index count 6
----------------- -------------------------------
	ModelBodies
Total resolved Bodies 0 BodySets 0

--------------------------------------------------------------------------
	Positive geometry Bodies
Total resolved Bodies 1 BodySets 1
BodySet 0
	Bodies list:
			#0	Name: ;	ID: 9703588b-87f9-4c37-b5c2-1d8c4099fcee
	Domains list:		 0 

--------------------------------------------------------------------------
	Fluid regions
Total resolved Bodies 1 BodySets 1
BodySet 0	Material: Air; 
	Bodies list:
			#0	Name: ;	ID: 9703588b-87f9-4c37-b5c2-1d8c4099fcee
	Domains list:		 0 

--------------------------------------------------------------------------
-----------------CModelBodies2MeshMapper::CollectData finished successfully-------------------
Saving initial mesh in: C:\Users\pitts\Documents\GitHub\Solidworks-2021-2022\Collaberative Project's\Squat Rack\5\5.fld .
Storing results...
Estimated CPT size=3.568 MB.
	Time (write bcf): 0.192 s
OK
-----------------------------------------------------------------------
Memory Working Set Current = 63.38 Mb, Memory Working Set Peak = 63.38 Mb
Process Threads Number: 8
-----------------------------------------------------------------------
Cleaning memory...
		Time (free xsl):                    	0.000 s
Free Geometry DB takes 0.000 s
	Time (free bcf): 	0.014 s
		Time (free bcf mesh):               	0.032 s
	Time (free mesher data):              	0.043 s
Copying... OK
Mesh generation normally finished at	6.5.2022	12:18:13
Mesher CPU = 2 sec
Mesher is finished at	6.5.2022	12:18:13
-----------------------------------------------------------------------
Memory Working Set Current = 28.69 Mb, Memory Working Set Peak = 63.86 Mb
Process Threads Number: 8
-----------------------------------------------------------------------
Algebra Pool      : mem_usage = 1.19 Mb, allocated count = 0
Log ended at 06.05.2022	12:18:13
