Log started at 04.05.2022	13:33:00
Number of used processors (NPROC): 2.
Number of mesh partitions (NPART): 2.
Total Physical Memory = 10.00 Gb, Available Physical Memory = 4.99 Gb
Computer name:	V10RM126W10-13
Operating system:	Windows 10 (or higher) (Version 10.0.19042)

SOLIDWORKS 2021 SP4.1
Flow Simulation 2021  x64 / 5310 / MESHER ver.  

Project: C:\Users\pitts\Documents\GitHub\Solidworks-2021-2022\Collaberative Project's\Squat Rack\2\2.xmlconfig
Configuration name: Default
Project name: Project(2)
Problem type: external-type
NGK: OFF
MBO: OFF
-----------------------------------------------------------------------
Mesher option run = eRunMesherNormal
-----------------------------------------------------------------------

Mesh generation started:	4.5.2022	13:33:0
Mesher adjust APD = OFF; AdjustAPD_method=0; N_per_Channel = 0; N2_per_Channel = 0
Current CPU = 0 sec
-----------------------------------------------------------------------
Geometries initialization:
-----------------------------------------------------------------------
Loading mesh settings (global/local)...
-----------------------------------------------------------------------
Number of geometries from DB: 1
Geometry(0):
	Guid = {00000000-0000-0000-0000-000000000000}
	Fluid..
	1 Body.
	2 Real bodies.
	-- Bodyset 0 --
		Tolerance=2.47837e-05.
		6 Face(s).
			6 of b-spline type.
		0 Face(s) that have no ref faces
		4 Plane surface(s).
		1 B- surface(s).
		1 Offset surface(s).
		112184 Triangle(s).
		Getting triangle connectivities from DB: 0.022 s
		4 Edge(s).
			4 of b-spline type.
		BodyGeom reading: 0.165 s.
		6 Reference Face(s).
		112184 Reference Triangles.
		Getting triangle connectivities from DB (Ref): 0.020 s
		BodyGeom Ref reading: 0.031 s.
		Getting triangle connectivities from DB (Extra Triangulation): 0.018 s
Geometry(1):
	Solid.
	-- Bodyset 1 --
	Empty
-----------------------------------------------------------------------
Number of geometries in task: 2
Number of bodysets   in task: 2
-----------------------------------------------------------------------
	Making hash and connectivity for Bodyset ...
		CBodyGeom:
		Hash size: {136, 32, 32}.
		Mesh size: {34, 32, 32}.
		Hashing triangles...Ok.
			axis(0) tr sizes: average=259 max=801
			axis(1) tr sizes: average=89 max=386
			axis(2) tr sizes: average=84 max=357
		Number of t-connected sets:2
			(0) size=50392
			(1) size=61792 cavity
		Done.
		CBodyGeomRef:
		Hashing triangles...Ok.
			axis(0) tr sizes: average=248 max=768
			axis(1) tr sizes: average=211 max=745
			axis(2) tr sizes: average=201 max=662
		Done.
	0.342 s.
Hash BodySets boxes over base mesh...OK (0.008 s)
Geometries reading and preparing has taken 0.674 s.

Mapped triangles:
Hashing geometries triangles
	Triangles num=112184
	Triangles box={0  ,0.212716  ,-0.0385429  ,0.0358803  ,-0.0457784  ,0.0522076  }
		3d-hash size is 650644 bytes
Hashing peculiar surfaces triangles
Mapped triangles processed in 0.325 s.
-----------------------------------------------------------------------
Getting sectors:
Number of sectors: 0
-----------------------------------------------------------------------
-----------------------------------------------------------------------

Current CPU = 1 sec
-----------------------------------------------------------------------
Checking faces on CD...
FCD = [0 0 0 0 0 0]
FCD_conflicts = 0
Time (check faces on CD)=0.004 s
-----------------------------------------------------------------------

-----------------------------------------------------------------------
Mesh dimensions:
				I[0 ]=34
				I[1 ]=32
				I[2 ]=32

Comp. domain size:
				a[0  ]=-0.429018
				a[1  ]=0.641735
				a[2  ]=-0.467832
				a[3  ]=0.465076
				a[4  ]=-0.477658
				a[5  ]=0.483094

Fluid calculated			1
Solid calculated			0
-----------------------------------------------------------------------
MESH Build started...
-----------------------------------------------------------------------
Mesh LEVEL = 1
-----------------------------------------------------------------------
-----------------------------------------------------------------------
CPT-mode xeps:
	D / dh / eps [axis=0] = (1.07075, 0.0122722, 1.22722e-05)
	D / dh / eps [axis=1] = (0.932908, 0.00917427, 9.17427e-06)
	D / dh / eps [axis=2] = (0.960753, 0.0110156, 1.10156e-05)
-----------------------------------------------------------------------
Setting regions...OK (0.002 s)
-----------------------------------------------------------------------
Base mesh info:
	3D task
	Nx=34
	Ny=32
	Nz=32
	N(Nx*Ny*Nz) = 1088
	Period    axis=[0, 0, 0]
	Symmetry  ni=[0 0 0 0 0 0]
	ZoomingBC ni=[0 0 0 0 0 0]
	Nx=34
		x[0]=-0.429018
		x[1]=-0.385585
		x[2]=-0.344182
		x[3]=-0.3047
		x[4]=-0.267052
		x[5]=-0.231151
		x[6]=-0.196917
		x[7]=-0.164272
		x[8]=-0.133143
		x[9]=-0.103459
		x[10]=-0.0751524
		x[11]=-0.0481602
		x[12]=-0.022421
		x[13]=0.00212327
		x[14]=0.0281844
		x[15]=0.0542451
		x[16]=0.0803058
		x[17]=0.106366
		x[18]=0.132427
		x[19]=0.158488
		x[20]=0.184548
		x[21]=0.210609
		x[22]=0.235156
		x[23]=0.260898
		x[24]=0.287893
		x[25]=0.316202
		x[26]=0.345888
		x[27]=0.377019
		x[28]=0.409665
		x[29]=0.4439
		x[30]=0.479801
		x[31]=0.517449
		x[32]=0.55693
		x[33]=0.598332
		x[34]=0.641735
	Ny=32
		y[0]=-0.467832
		y[1]=-0.425889
		y[2]=-0.386052
		y[3]=-0.348206
		y[4]=-0.312251
		y[5]=-0.278092
		y[6]=-0.24564
		y[7]=-0.214809
		y[8]=-0.185518
		y[9]=-0.157691
		y[10]=-0.131254
		y[11]=-0.106138
		y[12]=-0.0822769
		y[13]=-0.0596078
		y[14]=-0.0380714
		y[15]=-0.0197228
		y[16]=-0.00137341
		y[17]=0.016976
		y[18]=0.0353254
		y[19]=0.0568647
		y[20]=0.0795359
		y[21]=0.103399
		y[22]=0.128517
		y[23]=0.154956
		y[24]=0.182784
		y[25]=0.212076
		y[26]=0.242908
		y[27]=0.275361
		y[28]=0.30952
		y[29]=0.345475
		y[30]=0.383321
		y[31]=0.423157
		y[32]=0.465076
	Nz=32
		z[0]=-0.477658
		z[1]=-0.436406
		z[2]=-0.397105
		z[3]=-0.359655
		z[4]=-0.323969
		z[5]=-0.289963
		z[6]=-0.257558
		z[7]=-0.226678
		z[8]=-0.197253
		z[9]=-0.169214
		z[10]=-0.142494
		z[11]=-0.117033
		z[12]=-0.0927708
		z[13]=-0.0696509
		z[14]=-0.0476197
		z[15]=-0.0224476
		z[16]=0.0027238
		z[17]=0.0278952
		z[18]=0.0530665
		z[19]=0.0750989
		z[20]=0.0982207
		z[21]=0.122485
		z[22]=0.147948
		z[23]=0.174668
		z[24]=0.202709
		z[25]=0.232136
		z[26]=0.263015
		z[27]=0.295421
		z[28]=0.329427
		z[29]=0.365114
		z[30]=0.402563
		z[31]=0.441863
		z[32]=0.483094
-----------------------------------------------------------------------
Input_mesh_settings--------------------------------
Settings 0----------------
	Scope: GLOBAL
	Type:	------MESHER_SETTINGS----------
	RefAllCells           =0
	RefFluidCells         =0
	RefPartCells          =0
	RefSolidCells         =0
	l_SSFR(Capture crit)  =1
	l_curv(Curvature crit)=0
	l_tol(Tolerance crit) =0
	UseChannelRef         =1
	  NCR_method          =0
	  l_NCR               =1
	  N_gap               =5
	  Use d_NCR_min       =0
	  Use d_NCR_max       =0
	IgnoreThinChannelsHeight         =0
	--END_OF_MESHER_SETTINGS-------
End of input mesh settings-------------------------
NxNyNz = [34, 32, 32]
base_dx=0.0302232; 
NxNyNz_reverse = [35, 31, 32]

-----------------------------------------------------------------------
Refining geometries:
-----------------------------------------------------------------------

-----------------------------------------------------------------------
Refining by triangulation...
Refinement input: 34816 bricks
Refinement result: 34816 bricks (1.529 s)
Refinement input: 34816 bricks
Refinement result: 34816 bricks (0.004 s)
Collecting and processing rays...OK (0.250 s)
Capturing...OK (0.018 s)
Refining by triangulation takes 1.805 s
-----------------------------------------------------------------------

-----------------------------------------------------------------------
Refining peculiar surfaces...
0 surfaces refined
Refining peculiar surfaces takes 0.001 s
-----------------------------------------------------------------------
Collecting and processing rays...OK (0.002 s)
Capturing...OK (0.001 s)

-----------------------------------------------------------------------
Base mesh 1 Refining...
Collecting and processing rays...OK (0.002 s)
Capturing...OK (0.001 s)
Refinement input: 34816 bricks
Refinement result: 34816 bricks (0.004 s)
-----------------------------------------------------------------------
Refining channels...
FYI: CNarrowChannelRefiner::RefineChannels_PRLL
Refinement input: 34816 bricks
Setting regions...OK (0.000 s)
Refinement result: 35593 bricks (0.006 s)
Collecting and processing rays...OK (0.086 s)
Capturing...OK (0.001 s)
FYI: m_iteration_count = 0
FYI: level1 statistics:
     level1_cnt_plus[1]=888;		level1_cnt_minus[1]=0
     level1_cnt_plus[2]=0;		level1_cnt_minus[2]=0
     level1_cnt_plus[3]=0;		level1_cnt_minus[3]=0
     level1_cnt_plus[4]=0;		level1_cnt_minus[4]=0
     level1_cnt_plus[5]=0;		level1_cnt_minus[5]=0
     level1_cnt_plus[6]=0;		level1_cnt_minus[6]=0
     level1_cnt_plus[7]=0;		level1_cnt_minus[7]=0
     level1_cnt_plus[8]=0;		level1_cnt_minus[8]=0
     level1_cnt_plus[9]=0;		level1_cnt_minus[9]=0
FYI: m_iteration_count = 1
FYI: level1 statistics:
     level1_cnt_plus[1]=888;		level1_cnt_minus[1]=0
     level1_cnt_plus[2]=0;		level1_cnt_minus[2]=0
     level1_cnt_plus[3]=0;		level1_cnt_minus[3]=0
     level1_cnt_plus[4]=0;		level1_cnt_minus[4]=0
     level1_cnt_plus[5]=0;		level1_cnt_minus[5]=0
     level1_cnt_plus[6]=0;		level1_cnt_minus[6]=0
     level1_cnt_plus[7]=0;		level1_cnt_minus[7]=0
     level1_cnt_plus[8]=0;		level1_cnt_minus[8]=0
     level1_cnt_plus[9]=0;		level1_cnt_minus[9]=0
FYI: level1 statistics:
     level1_cnt_plus[1]=888;		level1_cnt_minus[1]=0
     level1_cnt_plus[2]=0;		level1_cnt_minus[2]=0
     level1_cnt_plus[3]=0;		level1_cnt_minus[3]=0
     level1_cnt_plus[4]=0;		level1_cnt_minus[4]=0
     level1_cnt_plus[5]=0;		level1_cnt_minus[5]=0
     level1_cnt_plus[6]=0;		level1_cnt_minus[6]=0
     level1_cnt_plus[7]=0;		level1_cnt_minus[7]=0
     level1_cnt_plus[8]=0;		level1_cnt_minus[8]=0
     level1_cnt_plus[9]=0;		level1_cnt_minus[9]=0

-----------------------------------------------------------------------
U-shapes refinement...
Refinement input: 35593 bricks
Setting regions...OK (0.000 s)
Refinement result: 35614 bricks (0.019 s)
Collecting and processing rays...OK (0.000 s)
Capturing...OK (0.000 s)
-----------------------------------------------------------------------

-----------------------------------------------------------------------
Equi Distant Refiner:
Equi Distant Refiner takes 0.00 s
-----------------------------------------------------------------------

/-Ray Intersection---------------/ Time	0.520 s
Calls			3679
CorrectRay Calls	0



-----------------------------------------------------------------------
Refining geometries takes 3.538 s
-----------------------------------------------------------------------
Defect ray count	0
FYI: CNarrowChannelRefiner::RedistributeLevel1_step_1: is finished
FYI: level1 statistics:
     level1_cnt_plus[1]=888;		level1_cnt_minus[1]=0
     level1_cnt_plus[2]=0;		level1_cnt_minus[2]=0
     level1_cnt_plus[3]=0;		level1_cnt_minus[3]=0
     level1_cnt_plus[4]=0;		level1_cnt_minus[4]=0
     level1_cnt_plus[5]=0;		level1_cnt_minus[5]=0
     level1_cnt_plus[6]=0;		level1_cnt_minus[6]=0
     level1_cnt_plus[7]=0;		level1_cnt_minus[7]=0
     level1_cnt_plus[8]=0;		level1_cnt_minus[8]=0
     level1_cnt_plus[9]=0;		level1_cnt_minus[9]=0
FYI: CNarrowChannelRefiner::RedistributeLevel1_step_2: is started
FYI: CNarrowChannelRefiner::RedistributeLevel1_step_2: is finished
FYI: level1 statistics:
     level1_cnt_plus[1]=888;		level1_cnt_minus[1]=0
     level1_cnt_plus[2]=0;		level1_cnt_minus[2]=0
     level1_cnt_plus[3]=0;		level1_cnt_minus[3]=0
     level1_cnt_plus[4]=0;		level1_cnt_minus[4]=0
     level1_cnt_plus[5]=0;		level1_cnt_minus[5]=0
     level1_cnt_plus[6]=0;		level1_cnt_minus[6]=0
     level1_cnt_plus[7]=0;		level1_cnt_minus[7]=0
     level1_cnt_plus[8]=0;		level1_cnt_minus[8]=0
     level1_cnt_plus[9]=0;		level1_cnt_minus[9]=0
FYI: CNarrowChannelRefiner::RedistributeLevel1_step_3: is started
FYI: CNarrowChannelRefiner::RedistributeLevel1_step_3: is finished
RedistributeLevel1 takes:
FYI: level1 statistics:
     level1_cnt_plus[1]=888;		level1_cnt_minus[1]=24
     level1_cnt_plus[2]=0;		level1_cnt_minus[2]=0
     level1_cnt_plus[3]=0;		level1_cnt_minus[3]=0
     level1_cnt_plus[4]=0;		level1_cnt_minus[4]=0
     level1_cnt_plus[5]=0;		level1_cnt_minus[5]=0
     level1_cnt_plus[6]=0;		level1_cnt_minus[6]=0
     level1_cnt_plus[7]=0;		level1_cnt_minus[7]=0
     level1_cnt_plus[8]=0;		level1_cnt_minus[8]=0
     level1_cnt_plus[9]=0;		level1_cnt_minus[9]=0
-----------------------------------------------------------------------
MSH format builder (Iteration 0)
-----------------------------------------------------------------------
Memory Working Set Current = 104.81 Mb, Memory Working Set Peak = 110.26 Mb
Process Threads Number: 8
-----------------------------------------------------------------------
Total bricks count: 35614
-----------------------------------------------------------------------
MSH (Real Geometry) format constructor:
	Geom    Count = 2
	Bodyset Count = 2
	3D task
	Getting brick sets...OK (0.004 s)

	Min x-stack xeps = 0.00254
	D / dh / eps [axis=0] = (1.07075, 0.0130303, 1.30303e-05)
	D / dh / eps [axis=1] = (0.932908, 0.00917427, 9.17427e-06)
	D / dh / eps [axis=2] = (0.960753, 0.0125857, 1.25857e-05)
	Time (xeps): 0.002 s
Level 1
	Set (0)  size: 456
	Set (0)  time: 0.138 s
	Set (1)  size: 456
	Set (1)  time: 0.063 s
Level 0
	Set (0)  size: 17352
	Set (0)  time: 0.028 s
	Set (1)  size: 17350
	Set (1)  time: 0.026 s
Result:
	Bricks number:                        35614

	Memory usage:                         0.717 MB
	Memory usage (per brick):             0.021 KB
	Construction time:                    0.267 s

	Topology features:
	------------------
	- High quality bricks                  100.00 % (35614)
	- Medium quality bricks                  0.00 % (0)
	- Bad quality bricks                     0.00 % (0)
	- Type-1 bricks                          1.51 % (539)
	- Ribs corrected bricks                  0.00 % (0)
	- Points with geom-info (bricks)         0.00 % (0)
	- Points with closest-info (bricks)      0.00 % (0)
	- Triangulated by center (bricks)        0.00 % (0)
	- Facet w-faces mergings (bricks)        0.00 % (0)
	- To refine (bricks)                     0.00 % (0)
	- Points-count                           0.00 % (0)
	- T-self-intersection-all (bricks)       0.00 % (0)
	- T-self-intersection-simple (bricks)    0.00 % (0)
	- T-self-intersection-complex (bricks)   0.00 % (0)

-----------------------------------------------------------------------
Memory Working Set Current = 105.77 Mb, Memory Working Set Peak = 110.26 Mb
Process Threads Number: 8
-----------------------------------------------------------------------
-----------------------------------------------------------------------
msh-iterations: 1
-----------------------------------------------------------------------
high---q-brick-count = 100.00 % (35614 35614)
medium-q-brick-count =   0.00 % (35614 0)
bad----q-brick-count =   0.00 % (35614 0)
-----------------------------------------------------------------------
Free brick parser storage...OK(0.000 s)
-----------------------------------------------------------------------
Memory Working Set Current = 105.80 Mb, Memory Working Set Peak = 110.26 Mb
Process Threads Number: 8
-----------------------------------------------------------------------
-----------------------------------------------------------------------
MSH --> BCF format (Iteration 0)...
BCF collector...(remove mode=0)
	Time (alloc counter per brick): 0.002 s
	Brick    count: 35614
	Av.f all count: 35993
	Av.s all count: 539
	Av.f pid count: 918
	Av.s pid count: 539
	Faces fs count: 1890
	Faces ff count: 0
	Faces ss count: 0
	Faces bb count: 0
	Faces fe count: 6400
	Faces se count: 0
	Faces fw count: 8290
	Faces af count: 104557
	Faces as count: 1167
	Time (all count): 	0.017 s
	Time (bcf alloc): 	0.001 s
	Time (shifts alloc): 	0.003 s
	Time (shifts init): 	0.003 s
	Time (bcf fill): 	0.043 s
	Time (add av to faces): 0.001 s
	Time (add faces to av): 0.014 s
Time (bcf collect): 		0.088 s
	AV checker...
	Time (check av): 	0.068 s
	Subdomain checker...
		Subdomains construction time: 0.017 s.
		Subdomains sort time: 0.000 s.
			Subdomain 0 (geom_ind=0): 35362 av
			Subdomain 1 (geom_ind=0): 631 av
			Subdomain 2 (geom_ind=1): 539 av
		gi: 0, subdomains: 2, real bodies: 2
		gi: 1, subdomains: 1, real bodies: 0
		Defect subdomains: 0
	Time (check subdoms): 	0.021 s
Time (bcf iteration total): 	0.179 s
	Time (fw-nb): 		0.002 s
	Fixed mutual fw-nb:     1364 (bb: 0)
	Time (fw-nb mutual): 	0.001 s
	Time (fw-nb sort): 	0.000 s
	Fw-opt BEFORE total:    8290 (fs=1890, ff=0, ss=0)
	Fw-opt AFTER  total:    7357 (fs=957, ff=0, ss=0, failed fw/br=0/2, big_curv=1, big_poly=0)
	Fw-opt RESULT:          933 (res/(fs+ff+ss) = 49.37 %)
	Time (fw-opt): 		0.011 s
	Time (fw-re-order): 	0.002 s
	Time (fw-nb): 		0.012 s
	Fixed mutual fw-nb:     14713 (bb: 0)
	Time (fw-nb mutual): 	0.003 s
	Time (fw-nb sort): 	0.001 s
	Time (rfd fix): 	0.000 s
	Time (av convexity): 	0.003 s
	Time (av small volume): 0.000 s
	Time (diagonal fw-nb): 	0.031 s
	Fixed mutual fw-nb:     0 (bb: 0)
	Time (fw-nb mutual): 	0.002 s
	Time (fw-nb sort): 	0.001 s
	Fluid subdomains: 2
	Faces fw-nb diff sd:    0
	Time (fw-nb diff sd): 	0.012 s
Time (bcf calc): 		0.087 s
-----------------------------------------------------------------------
Time (bcf total): 		0.266 s
-----------------------------------------------------------------------
-----------------------------------------------------------------------
Mega-cv constructor for fluid...
	 0 av's is treated as thin
Relative size generator (threshold = 0.05)...
	Iteration 1 (small cluster count = 80)
	Iteration 2 (small cluster count = 25)
	Iteration 3 (small cluster count = 2)
	Iteration 4 (small cluster count = 0)
	 80 mega-cv's generated
	 1 mega-cv's removed
Relative size generator is completed OK (0.008 s)
Apply fa-rules to mega-cv clusters fixes...
	Fa-rule violation fixes:        4 of        4 (total cluster# =       80)
OK (0.001 s)
Convert clusters:
	 79 mega-cv's total
Mega-cv count: 79
Time (mega-cv fill): 	0.001 s
Time (mega-cv total): 	0.026 s
-----------------------------------------------------------------------
Mixing plane rotation regions: NO.
Sliding mesh rotation regions: NO.
Fluid/fluid faces: NO.
-----------------------------------------------------------------------
Memory Working Set Current = 116.65 Mb, Memory Working Set Peak = 121.88 Mb
Process Threads Number: 8
-----------------------------------------------------------------------
----------------------------------------------------------
BCF --> BCF.GEOMSUBDOM (bridge arrays):
MESH (0):
	Fluid Subdom Constructor: 2 subdom(s).
	Solid Subdom Constructor: 1 subdom(s).
	Net Asm Subdom Constructor: 0 subdom(s).
	GEOMSUBDOM (0): gi=0 fluid av=35362 cv=35325 fa=102947 fb=0 fw=6897 V=9.590230e-01
	Cache data...OK
	GEOMSUBDOM (1): gi=0 fluid av=631 cv=588 fa=1610 fb=0 fw=460 V=5.738800e-04
	Cache data...OK
	GEOMSUBDOM (2): gi=1 solid av=539 cv=539 fa=1167 fb=0 fw=957 V=1.123950e-04
	Cache data...OK
	Setting nb of w-faces...OK (0.038 s).
	Correcting nb of w-faces...
	Time(correct_fw_nb)=0.028 s

MESH (0) checking:
	GEOMSUBDOM (0):fa_s=92.4325833235600953 fb_s=0.0000000000000000 fw_s=5.8943272975818939 fw_nb=55128
	              :d_const(14827)=1.52522e-16 d_linear(7810)=1.00499e-14
	GEOMSUBDOM (1):fa_s=0.1537683388321973 fb_s=0.0000000000000000 fw_s=0.0419248919355439 fw_nb=3664
	              :d_const(330)=1.10297e-15 d_linear(162)=1.85486e-14
	GEOMSUBDOM (2):fa_s=0.0307098627203127 fb_s=0.0000000000000000 fw_s=0.0883791213320963 fw_nb=7616
	              :d_const(271)=3.032e-15 d_linear(124)=1.60398e-13
MESH (0) checking: OK.
Time (MDS): 	0.367 s
----------------------------------------------------------
-----------------------------------------------------------------------
Memory Working Set Current = 134.65 Mb, Memory Working Set Peak = 134.66 Mb
Process Threads Number: 8
-----------------------------------------------------------------------

-----------------------------------------------------------------------
BCF CHECKSUM DATA (Mesh 0):

BRICK |Level1| Sum:               912
FACE_A Area Sum:   G.Fluid        92.5863516623922749
FACE_A Area Sum:   G.Solid        0.0307098627203128
FACE_W Area Sum:                  5.9362521895174378
FACE_W Nb   Sum:                  58792
FACE_W min curvatures sum:        -12730.17981790
FACE_W max curvatures sum:        13736.45390030
AV Max Disbalance(Const) :        3.032e-15 (cid=17267, t={41, 32, 31}, avid=36218, pid=225)
AV Max Disbalance(Linear):        1.60398e-13 (cid=15865, t={41, 30, 29}, avid=36062, pid=69)
-----------------------------------------------------------------------


-----------------------------------------------------------------------
MESHER TOPOLOGY DATA:

BRICKS: Total                 35614
BRICKS: Max AV number         4
AV:     G.Total               36532
AV:     G.Fluid               35993
AV:     G.Solid               539

AV:     G.Fluid Thin Profile    0.00 % (0)
AV:     G.Solid Thin Profile   69.94 % (377)

AV:     G.Fluid Thin For Mega   0.00 % (0)
AV:     G.Solid Thin For Mega  69.57 % (375)

AV:     G.Fluid Non-Convex      1.08 % (387)
AV:     G.Solid Non-Convex     58.44 % (315)

AV:     G.Fluid Non-Ess-Convex      0.05 % (19)
AV:     G.Solid Non-Ess-Convex     20.41 % (110)

FACE_A: G.Fluid          (af) 104557 (partially opened 1836)
FACE_A: G.Solid          (as) 1167 (partially opened 1157)

FACE_B: G.Total          (b)  0

FACE_W: G.Total                 7357        Brick/Bound
FACE_W: G.Fluid/Solid    (fs_g) 957         0           
FACE_W: G.Fluid/Fluid    (ff_g) 0           0           
FACE_W: G.Solid/Solid    (ss_g) 0           0           
FACE_W: G.Fluid/External (fe_g) 6400
FACE_W: G.Solid/External (se_g) 0

AV/CV max fa count (on brick side):4
AV/CV max fw count:                4
AV/CV max fb count:                0
AV/CV max fw poly count:           9

MEMORY: Total                   10.596 MB
MEMORY: Per Brick               0.305 KB
-----------------------------------------------------------------------

-----------------------------------------------------------------------
Connectivities information:
	Number of conns: 0
-----------------------------------------------------------------------
	Time (gap size): 	0.149 s
-----------------------------------------------------------------------
Calculating curvature and tolerance criteria...
Curvature: min=0 max=1.6267
Tolerance: min=0 max=0.00469664
Calculating curvature and tolerance criteria takes 1.248 s
-----------------------------------------------------------------------
MESH Build(FS) finished. Time=6.771 s
-----------------------------------------------------------------------
Current CPU = 8 sec

Nx=34
Ny=32
Nz=32
Max BRICK Level=1
Mesh Level=1
-----------------CModelBodies2MeshMapper::CollectData started -------------------------------
-----------------CModelBodies2MeshMapper Report -------------------------------
FluidDomains 2 SolidDomains 1 VoidDomains 0 
Domains RefIndexes
Domain 0, Index count 3
Domain 1, Index count 3
Domain 2, Index count 6
----------------- -------------------------------
	ModelBodies
Total resolved Bodies 0 BodySets 0

--------------------------------------------------------------------------
	Positive geometry Bodies
Total resolved Bodies 2 BodySets 2
BodySet 0
	Bodies list:
			#0	Name: ;	ID: 63394984-03ea-4268-82da-655805e32a9d
	Domains list:		 0 
BodySet 1
	Bodies list:
			#0	Name: ;	ID: 22377ee5-65df-46c5-96ac-5ec567b0d7ca
	Domains list:		 1 

--------------------------------------------------------------------------
	Fluid regions
Total resolved Bodies 2 BodySets 1
BodySet 0	Material: Air; 
	Bodies list:
			#0	Name: ;	ID: 63394984-03ea-4268-82da-655805e32a9d
			#1	Name: ;	ID: 22377ee5-65df-46c5-96ac-5ec567b0d7ca
	Domains list:		 0 		 1 

--------------------------------------------------------------------------
-----------------CModelBodies2MeshMapper::CollectData finished successfully-------------------
Saving initial mesh in: C:\Users\pitts\Documents\GitHub\Solidworks-2021-2022\Collaberative Project's\Squat Rack\2\2.fld .
Storing results...
Estimated CPT size=3.964 MB.
	Time (write bcf): 0.313 s
OK
-----------------------------------------------------------------------
Memory Working Set Current = 135.01 Mb, Memory Working Set Peak = 135.11 Mb
Process Threads Number: 8
-----------------------------------------------------------------------
Cleaning memory...
		Time (free xsl):                    	0.000 s
Free Geometry DB takes 0.000 s
	Time (free bcf): 	0.016 s
		Time (free bcf mesh):               	0.048 s
	Time (free mesher data):              	0.119 s
Copying... OK
Mesh generation normally finished at	4.5.2022	13:33:8
Mesher CPU = 8 sec
Mesher is finished at	4.5.2022	13:33:8
-----------------------------------------------------------------------
Memory Working Set Current = 32.74 Mb, Memory Working Set Peak = 135.46 Mb
Process Threads Number: 8
-----------------------------------------------------------------------
Algebra Pool      : mem_usage = 0.88 Mb, allocated count = 0
Log ended at 04.05.2022	13:33:08
